2023-08-30T12: 02: 11.935Z	6cc3349a-6c12-4466-9b37-4a298de8c788	INFO	receive an event: {
  Records: [
    {
        EventSource: 'aws:sns',
        EventVersion: '1.0',
        EventSubscriptionArn: 'arn:aws:sns:us-east-1: 811762874732:access:d1712080-074b-4062-a302-f86c9ebdb032',
        Sns: {
            Type: 'Notification',
            MessageId: 'b0b274d9-6eaa-53f2-a43a-29b0514ddb0d',
            TopicArn: 'arn:aws:sns:us-east-1: 811762874732:access',
            Subject: null,
            Message: '{
                                "data": "Anonym access at function now() { [native code] }",
                                "datacontenttype": "text/plain",
                                "id": "0c5798c0-9b1b-4092-84d5-da1422f1ec3c",
                                "pubsubname": "pubsub",
                                "source": "pulumi-dapr",
                                "specversion": "1.0",
                                "time": "2023-08-30T13:01:27Z",
                                "topic": "access",
                                "traceid": "",
                                "traceparent": "",
                                "tracestate": "",
                                "type": "com.dapr.event.sent"
                            }',
            Timestamp: '2023-08-30T13: 01: 27.785Z',
            SignatureVersion: '1',
            Signature: 'M6HtL8DFwLwVA64e+oy+OK5y035ewqr2HKlFjgC2t0H/1eYOo19PO8MFNQONAo2YFoO7VOVxdTl9rprBBXpLRsJKSGSu77OG7FDNLtNYAm2CwsbvplEEcZZuF5H+D1SY166BN9uFPjl3otlgbKLK02EH9/MJyx5R9eMkqcYDR0HhplyJB7SK9ogWcKku1+2UiuarwBPXUWfaIswHrtlwVkn5xkdAJ/SE2H9xTp4E4mbuppePSd/lMADI8bDCyUUdOlWkF0gs9ozS5JCHgGr2paZ8yGgdFIiC3MA0VTDa7rxRPItjchYbOyMynnSZZm5OkogY8Vp5x1sxqp02PV2DGg==',
            SigningCertUrl: 'https: //sns.us-east-1.amazonaws.com/SimpleNotificationService-01d088a6f77103d0fe307c0069e40ed6.pem',
            UnsubscribeUrl: 'https: //sns.us-east-1.amazonaws.com/?Action=Unsubscribe&SubscriptionArn=arn:aws:sns:us-east-1:811762874732:access:d1712080-074b-4062-a302-f86c9ebdb032',
            MessageAttributes: {}
        }
    }
]}